<?xml version="1.0" encoding="UTF-8"?>
<testng-results ignored="0" total="1" passed="1" failed="0" skipped="0">
  <reporter-output>
  </reporter-output>
  <suite started-at="2022-08-23T15:54:23 IST" name="Default suite" finished-at="2022-08-23T15:54:30 IST" duration-ms="6999">
    <groups>
      <group name="regression">
        <method signature="ListDepartmentTest.verifyListDepartmentTest()[pri:0, instance:com.onlineLeaveManagetestng.ListDepartmentTest@3b6ddd1d]" name="verifyListDepartmentTest" class="com.onlineLeaveManagetestng.ListDepartmentTest"/>
      </group> <!-- regression -->
    </groups>
    <test started-at="2022-08-23T15:54:23 IST" name="Default test" finished-at="2022-08-23T15:54:30 IST" duration-ms="6999">
      <class name="com.onlineLeaveManagetestng.ListDepartmentTest">
        <test-method is-config="true" signature="configBS()[pri:0, instance:com.onlineLeaveManagetestng.ListDepartmentTest@3b6ddd1d]" started-at="2022-08-23T15:54:23 IST" name="configBS" finished-at="2022-08-23T15:54:23 IST" duration-ms="14" status="PASS">
          <reporter-output>
          </reporter-output>
        </test-method> <!-- configBS -->
        <test-method is-config="true" signature="configBC()[pri:0, instance:com.onlineLeaveManagetestng.ListDepartmentTest@3b6ddd1d]" started-at="2022-08-23T15:54:23 IST" name="configBC" finished-at="2022-08-23T15:54:27 IST" duration-ms="4322" status="PASS">
          <reporter-output>
          </reporter-output>
        </test-method> <!-- configBC -->
        <test-method is-config="true" signature="configBM()[pri:0, instance:com.onlineLeaveManagetestng.ListDepartmentTest@3b6ddd1d]" started-at="2022-08-23T15:54:27 IST" name="configBM" finished-at="2022-08-23T15:54:29 IST" duration-ms="1537" status="PASS">
          <reporter-output>
          </reporter-output>
        </test-method> <!-- configBM -->
        <test-method signature="verifyListDepartmentTest()[pri:0, instance:com.onlineLeaveManagetestng.ListDepartmentTest@3b6ddd1d]" started-at="2022-08-23T15:54:29 IST" name="verifyListDepartmentTest" finished-at="2022-08-23T15:54:29 IST" duration-ms="317" status="PASS">
          <reporter-output>
          </reporter-output>
        </test-method> <!-- verifyListDepartmentTest -->
        <test-method is-config="true" signature="configAM()[pri:0, instance:com.onlineLeaveManagetestng.ListDepartmentTest@3b6ddd1d]" started-at="2022-08-23T15:54:29 IST" name="configAM" finished-at="2022-08-23T15:54:29 IST" duration-ms="344" status="PASS">
          <reporter-output>
          </reporter-output>
        </test-method> <!-- configAM -->
        <test-method is-config="true" signature="configAC()[pri:0, instance:com.onlineLeaveManagetestng.ListDepartmentTest@3b6ddd1d]" started-at="2022-08-23T15:54:29 IST" name="configAC" finished-at="2022-08-23T15:54:30 IST" duration-ms="413" status="PASS">
          <reporter-output>
          </reporter-output>
        </test-method> <!-- configAC -->
        <test-method is-config="true" signature="configAS()[pri:0, instance:com.onlineLeaveManagetestng.ListDepartmentTest@3b6ddd1d]" started-at="2022-08-23T15:54:30 IST" name="configAS" finished-at="2022-08-23T15:54:30 IST" duration-ms="1" status="PASS">
          <reporter-output>
          </reporter-output>
        </test-method> <!-- configAS -->
      </class> <!-- com.onlineLeaveManagetestng.ListDepartmentTest -->
    </test> <!-- Default test -->
  </suite> <!-- Default suite -->
</testng-results>
